I, [2017-12-14T15:34:32.014029 #4540]  INFO -- : new game ikeda vs kashi
I, [2017-12-14T15:34:32.017042 #4540]  INFO -- : 0 turn ikeda(36) vs kashi(36)
---- ---- ---- ---- ---- ---- ---- ---- ---- ---- ---- ---- ---- ---- ik00 ik01 ik02 ik03 ik04 ik05
---- ---- ---- ---- ---- ---- ---- ---- ---- ---- ---- ---- ---- ---- ik06 ik07 ik08 ik09 ik10 ik11
---- ---- ---- ---- ---- ---- ---- ---- ---- ---- ---- ---- ---- ---- ik12 ik13 ik14 ik15 ik16 ik17
---- ---- ---- ---- ---- ---- ---- ---- ---- ---- ---- ---- ---- ---- ik18 ik19 ik20 ik21 ik22 ik23
---- ---- ---- ---- ---- ---- ---- ---- ---- ---- ---- ---- ---- ---- ik24 ik25 ik26 ik27 ik28 ik29
---- ---- ---- ---- ---- ---- ---- ---- ---- ---- ---- ---- ---- ---- ik30 ik31 ik32 ik33 ik34 ik35
---- ---- ---- ---- ---- ---- ---- ---- ---- ---- ---- ---- ---- ---- ---- ---- ---- ---- ---- ----
---- ---- ---- ---- ---- ---- ---- ---- ---- ---- ---- ---- ---- ---- ---- ---- ---- ---- ---- ----
---- ---- ---- ---- ---- ---- ---- ---- ---- ---- ---- ---- ---- ---- ---- ---- ---- ---- ---- ----
---- ---- ---- ---- ---- ---- ---- ---- ---- ---- ---- ---- ---- ---- ---- ---- ---- ---- ---- ----
---- ---- ---- ---- ---- ---- ---- ---- ---- ---- ---- ---- ---- ---- ---- ---- ---- ---- ---- ----
---- ---- ---- ---- ---- ---- ---- ---- ---- ---- ---- ---- ---- ---- ---- ---- ---- ---- ---- ----
---- ---- ---- ---- ---- ---- ---- ---- ---- ---- ---- ---- ---- ---- ---- ---- ---- ---- ---- ----
---- ---- ---- ---- ---- ---- ---- ---- ---- ---- ---- ---- ---- ---- ---- ---- ---- ---- ---- ----
ka00 ka01 ka02 ka03 ka04 ka05 ---- ---- ---- ---- ---- ---- ---- ---- ---- ---- ---- ---- ---- ----
ka06 ka07 ka08 ka09 ka10 ka11 ---- ---- ---- ---- ---- ---- ---- ---- ---- ---- ---- ---- ---- ----
ka12 ka13 ka14 ka15 ka16 ka17 ---- ---- ---- ---- ---- ---- ---- ---- ---- ---- ---- ---- ---- ----
ka18 ka19 ka20 ka21 ka22 ka23 ---- ---- ---- ---- ---- ---- ---- ---- ---- ---- ---- ---- ---- ----
ka24 ka25 ka26 ka27 ka28 ka29 ---- ---- ---- ---- ---- ---- ---- ---- ---- ---- ---- ---- ---- ----
ka30 ka31 ka32 ka33 ka34 ka35 ---- ---- ---- ---- ---- ---- ---- ---- ---- ---- ---- ---- ---- ----
I, [2017-12-14T15:34:32.386568 #4540]  INFO -- : 1 turn ikeda(36) vs kashi(36)
---- ---- ---- ---- ---- ---- ---- ---- ---- ---- ---- ---- ---- ik00 ik01 ik02 ik03 ik04 ik05 ik11
---- ---- ---- ---- ---- ---- ---- ---- ---- ---- ---- ---- ---- ik06 ik07 ik08 ik09 ik10 ---- ----
---- ---- ---- ---- ---- ---- ---- ---- ---- ---- ---- ---- ---- ik12 ik13 ik14 ik15 ik16 ik17 ----
---- ---- ---- ---- ---- ---- ---- ---- ---- ---- ---- ---- ---- ik18 ik19 ik20 ik21 ik22 ik23 ----
---- ---- ---- ---- ---- ---- ---- ---- ---- ---- ---- ---- ---- ik24 ik25 ik26 ik27 ik28 ik29 ----
---- ---- ---- ---- ---- ---- ---- ---- ---- ---- ---- ---- ---- ik30 ik31 ---- ik33 ik34 ---- ----
---- ---- ---- ---- ---- ---- ---- ---- ---- ---- ---- ---- ---- ---- ---- ---- ik32 ---- ---- ik35
---- ---- ---- ---- ---- ---- ---- ---- ---- ---- ---- ---- ---- ---- ---- ---- ---- ---- ---- ----
---- ---- ---- ---- ---- ---- ---- ---- ---- ---- ---- ---- ---- ---- ---- ---- ---- ---- ---- ----
---- ---- ---- ---- ---- ---- ---- ---- ---- ---- ---- ---- ---- ---- ---- ---- ---- ---- ---- ----
---- ---- ---- ---- ---- ---- ---- ---- ---- ---- ---- ---- ---- ---- ---- ---- ---- ---- ---- ----
---- ---- ---- ---- ---- ---- ---- ---- ---- ---- ---- ---- ---- ---- ---- ---- ---- ---- ---- ----
---- ---- ---- ---- ---- ---- ---- ---- ---- ---- ---- ---- ---- ---- ---- ---- ---- ---- ---- ----
---- ---- ---- ---- ---- ---- ---- ---- ---- ---- ---- ---- ---- ---- ---- ---- ---- ---- ---- ----
ka00 ka01 ka02 ka03 ka04 ka05 ---- ---- ---- ---- ---- ---- ---- ---- ---- ---- ---- ---- ---- ----
ka06 ka07 ka08 ka09 ka10 ka11 ---- ---- ---- ---- ---- ---- ---- ---- ---- ---- ---- ---- ---- ----
ka12 ka13 ka14 ka15 ka16 ka17 ---- ---- ---- ---- ---- ---- ---- ---- ---- ---- ---- ---- ---- ----
ka18 ka19 ka20 ka21 ka22 ka23 ---- ---- ---- ---- ---- ---- ---- ---- ---- ---- ---- ---- ---- ----
ka24 ka25 ka26 ka27 ka28 ka29 ---- ---- ---- ---- ---- ---- ---- ---- ---- ---- ---- ---- ---- ----
ka30 ka31 ka32 ka33 ka34 ka35 ---- ---- ---- ---- ---- ---- ---- ---- ---- ---- ---- ---- ---- ----
I, [2017-12-14T15:34:32.839604 #4540]  INFO -- : 2 turn ikeda(36) vs kashi(36)
---- ---- ---- ---- ---- ---- ---- ---- ---- ---- ---- ---- ---- ik00 ik01 ik02 ik03 ik04 ik05 ik11
---- ---- ---- ---- ---- ---- ---- ---- ---- ---- ---- ---- ---- ik06 ik07 ik08 ik09 ik10 ---- ----
---- ---- ---- ---- ---- ---- ---- ---- ---- ---- ---- ---- ---- ik12 ik13 ik14 ik15 ik16 ik17 ----
---- ---- ---- ---- ---- ---- ---- ---- ---- ---- ---- ---- ---- ik18 ik19 ik20 ik21 ik22 ik23 ----
---- ---- ---- ---- ---- ---- ---- ---- ---- ---- ---- ---- ---- ik24 ik25 ik26 ik27 ik28 ik29 ----
---- ---- ---- ---- ---- ---- ---- ---- ---- ---- ---- ---- ---- ik30 ik31 ---- ik33 ik34 ---- ----
---- ---- ---- ---- ---- ---- ---- ---- ---- ---- ---- ---- ---- ---- ---- ---- ik32 ---- ---- ik35
---- ---- ---- ---- ---- ---- ---- ---- ---- ---- ---- ---- ---- ---- ---- ---- ---- ---- ---- ----
---- ---- ---- ---- ---- ---- ---- ---- ---- ---- ---- ---- ---- ---- ---- ---- ---- ---- ---- ----
---- ---- ---- ---- ---- ---- ---- ---- ---- ---- ---- ---- ---- ---- ---- ---- ---- ---- ---- ----
---- ---- ---- ---- ---- ---- ---- ---- ---- ---- ---- ---- ---- ---- ---- ---- ---- ---- ---- ----
ka00 ---- ---- ---- ---- ---- ---- ---- ---- ---- ---- ---- ---- ---- ---- ---- ---- ---- ---- ----
ka01 ka02 ka08 ka09 ---- ---- ---- ---- ---- ---- ---- ---- ---- ---- ---- ---- ---- ---- ---- ----
ka06 ka03 ka04 ka15 ---- ---- ---- ---- ---- ---- ---- ---- ---- ---- ---- ---- ---- ---- ---- ----
ka07 ka13 ka05 ---- ---- ---- ---- ---- ---- ---- ---- ---- ---- ---- ---- ---- ---- ---- ---- ----
ka12 ka14 ---- ---- ---- ---- ---- ka10 ka11 ---- ---- ---- ---- ---- ---- ---- ---- ---- ---- ----
ka18 ka24 ---- ---- ---- ---- ---- ka16 ka17 ---- ---- ---- ---- ---- ---- ---- ---- ---- ---- ----
ka19 ---- ---- ---- ---- ka20 ka21 ka22 ka23 ---- ---- ---- ---- ---- ---- ---- ---- ---- ---- ----
ka25 ---- ---- ---- ---- ka26 ka27 ka28 ka29 ---- ---- ---- ---- ---- ---- ---- ---- ---- ---- ----
---- ---- ---- ka30 ka31 ka32 ka33 ka34 ka35 ---- ---- ---- ---- ---- ---- ---- ---- ---- ---- ----
I, [2017-12-14T15:34:33.233881 #4540]  INFO -- : 3 turn ikeda(36) vs kashi(36)
---- ---- ---- ---- ---- ---- ---- ---- ---- ---- ---- ---- ik00 ik01 ik02 ik03 ik04 ik05 ik11 ----
---- ---- ---- ---- ---- ---- ---- ---- ---- ---- ---- ---- ik06 ik07 ik08 ik09 ik15 ik16 ik10 ----
---- ---- ---- ---- ---- ---- ---- ---- ---- ---- ---- ---- ik12 ik13 ik14 ---- ---- ---- ---- ik17
---- ---- ---- ---- ---- ---- ---- ---- ---- ---- ---- ---- ik18 ik19 ik20 ik21 ik22 ik28 ---- ik23
---- ---- ---- ---- ---- ---- ---- ---- ---- ---- ---- ---- ik24 ik25 ik31 ik27 ik33 ---- ---- ----
---- ---- ---- ---- ---- ---- ---- ---- ---- ---- ---- ---- ik30 ---- ---- ik26 ik34 ---- ik29 ik35
---- ---- ---- ---- ---- ---- ---- ---- ---- ---- ---- ---- ---- ---- ---- ---- ---- ik32 ---- ----
---- ---- ---- ---- ---- ---- ---- ---- ---- ---- ---- ---- ---- ---- ---- ---- ---- ---- ---- ----
---- ---- ---- ---- ---- ---- ---- ---- ---- ---- ---- ---- ---- ---- ---- ---- ---- ---- ---- ----
---- ---- ---- ---- ---- ---- ---- ---- ---- ---- ---- ---- ---- ---- ---- ---- ---- ---- ---- ----
---- ---- ---- ---- ---- ---- ---- ---- ---- ---- ---- ---- ---- ---- ---- ---- ---- ---- ---- ----
ka00 ---- ---- ---- ---- ---- ---- ---- ---- ---- ---- ---- ---- ---- ---- ---- ---- ---- ---- ----
ka01 ka02 ka08 ka09 ---- ---- ---- ---- ---- ---- ---- ---- ---- ---- ---- ---- ---- ---- ---- ----
ka06 ka03 ka04 ka15 ---- ---- ---- ---- ---- ---- ---- ---- ---- ---- ---- ---- ---- ---- ---- ----
ka07 ka13 ka05 ---- ---- ---- ---- ---- ---- ---- ---- ---- ---- ---- ---- ---- ---- ---- ---- ----
ka12 ka14 ---- ---- ---- ---- ---- ka10 ka11 ---- ---- ---- ---- ---- ---- ---- ---- ---- ---- ----
ka18 ka24 ---- ---- ---- ---- ---- ka16 ka17 ---- ---- ---- ---- ---- ---- ---- ---- ---- ---- ----
ka19 ---- ---- ---- ---- ka20 ka21 ka22 ka23 ---- ---- ---- ---- ---- ---- ---- ---- ---- ---- ----
ka25 ---- ---- ---- ---- ka26 ka27 ka28 ka29 ---- ---- ---- ---- ---- ---- ---- ---- ---- ---- ----
---- ---- ---- ka30 ka31 ka32 ka33 ka34 ka35 ---- ---- ---- ---- ---- ---- ---- ---- ---- ---- ----
I, [2017-12-14T15:34:33.760412 #4540]  INFO -- : 4 turn ikeda(36) vs kashi(36)
---- ---- ---- ---- ---- ---- ---- ---- ---- ---- ---- ---- ik00 ik01 ik02 ik03 ik04 ik05 ik11 ----
---- ---- ---- ---- ---- ---- ---- ---- ---- ---- ---- ---- ik06 ik07 ik08 ik09 ik15 ik16 ik10 ----
---- ---- ---- ---- ---- ---- ---- ---- ---- ---- ---- ---- ik12 ik13 ik14 ---- ---- ---- ---- ik17
---- ---- ---- ---- ---- ---- ---- ---- ---- ---- ---- ---- ik18 ik19 ik20 ik21 ik22 ik28 ---- ik23
---- ---- ---- ---- ---- ---- ---- ---- ---- ---- ---- ---- ik24 ik25 ik31 ik27 ik33 ---- ---- ----
---- ---- ---- ---- ---- ---- ---- ---- ---- ---- ---- ---- ik30 ---- ---- ik26 ik34 ---- ik29 ik35
---- ---- ---- ---- ---- ---- ---- ---- ---- ---- ---- ---- ---- ---- ---- ---- ---- ik32 ---- ----
---- ---- ---- ---- ---- ---- ---- ---- ---- ---- ---- ---- ---- ---- ---- ---- ---- ---- ---- ----
ka00 ---- ---- ---- ---- ---- ---- ---- ---- ---- ---- ---- ---- ---- ---- ---- ---- ---- ---- ----
ka01 ---- ---- ---- ---- ---- ---- ---- ---- ---- ---- ---- ---- ---- ---- ---- ---- ---- ---- ----
ka02 ka08 ka04 ---- ---- ---- ---- ---- ---- ---- ---- ---- ---- ---- ---- ---- ---- ---- ---- ----
ka06 ka09 ka15 ---- ---- ---- ---- ---- ---- ---- ---- ---- ---- ---- ---- ---- ---- ---- ---- ----
ka03 ka13 ---- ---- ---- ---- ---- ---- ---- ---- ---- ---- ---- ---- ---- ---- ---- ---- ---- ----
ka07 ka05 ---- ---- ---- ---- ---- ---- ---- ---- ---- ---- ---- ---- ---- ---- ---- ---- ---- ----
ka12 ka18 ---- ---- ---- ---- ---- ---- ---- ---- ---- ---- ---- ---- ---- ---- ---- ---- ---- ----
ka14 ka19 ---- ---- ---- ---- ---- ---- ---- ---- ka10 ka11 ---- ---- ---- ---- ---- ---- ---- ----
ka24 ---- ---- ---- ---- ---- ---- ---- ---- ---- ka16 ka17 ---- ---- ---- ---- ---- ---- ---- ----
ka25 ---- ---- ---- ---- ---- ---- ---- ka20 ka21 ka22 ka23 ---- ---- ---- ---- ---- ---- ---- ----
---- ---- ---- ---- ---- ---- ---- ---- ka26 ka27 ka28 ka29 ---- ---- ---- ---- ---- ---- ---- ----
---- ---- ---- ---- ---- ---- ka30 ka31 ka32 ka33 ka34 ka35 ---- ---- ---- ---- ---- ---- ---- ----
I, [2017-12-14T15:34:34.137508 #4540]  INFO -- : 5 turn ikeda(36) vs kashi(36)
---- ---- ---- ---- ---- ---- ---- ---- ---- ---- ---- ik00 ik01 ik02 ik03 ik04 ik05 ik11 ---- ----
---- ---- ---- ---- ---- ---- ---- ---- ---- ---- ---- ik06 ik07 ik08 ik14 ---- ---- ---- ---- ik17
---- ---- ---- ---- ---- ---- ---- ---- ---- ---- ---- ik12 ik13 ---- ik20 ik09 ik15 ik16 ik10 ik23
---- ---- ---- ---- ---- ---- ---- ---- ---- ---- ---- ik18 ik19 ---- ik21 ik22 ---- ---- ik28 ----
---- ---- ---- ---- ---- ---- ---- ---- ---- ---- ---- ik24 ---- ---- ik27 ---- ---- ik33 ---- ----
---- ---- ---- ---- ---- ---- ---- ---- ---- ---- ---- ---- ---- ik25 ik31 ---- ---- ---- ik35 ----
---- ---- ---- ---- ---- ---- ---- ---- ---- ---- ---- ---- ik30 ---- ---- ik26 ik34 ---- ik29 ----
---- ---- ---- ---- ---- ---- ---- ---- ---- ---- ---- ---- ---- ---- ---- ---- ---- ik32 ---- ----
ka00 ---- ---- ---- ---- ---- ---- ---- ---- ---- ---- ---- ---- ---- ---- ---- ---- ---- ---- ----
ka01 ---- ---- ---- ---- ---- ---- ---- ---- ---- ---- ---- ---- ---- ---- ---- ---- ---- ---- ----
ka02 ka08 ka04 ---- ---- ---- ---- ---- ---- ---- ---- ---- ---- ---- ---- ---- ---- ---- ---- ----
ka06 ka09 ka15 ---- ---- ---- ---- ---- ---- ---- ---- ---- ---- ---- ---- ---- ---- ---- ---- ----
ka03 ka13 ---- ---- ---- ---- ---- ---- ---- ---- ---- ---- ---- ---- ---- ---- ---- ---- ---- ----
ka07 ka05 ---- ---- ---- ---- ---- ---- ---- ---- ---- ---- ---- ---- ---- ---- ---- ---- ---- ----
ka12 ka18 ---- ---- ---- ---- ---- ---- ---- ---- ---- ---- ---- ---- ---- ---- ---- ---- ---- ----
ka14 ka19 ---- ---- ---- ---- ---- ---- ---- ---- ka10 ka11 ---- ---- ---- ---- ---- ---- ---- ----
ka24 ---- ---- ---- ---- ---- ---- ---- ---- ---- ka16 ka17 ---- ---- ---- ---- ---- ---- ---- ----
ka25 ---- ---- ---- ---- ---- ---- ---- ka20 ka21 ka22 ka23 ---- ---- ---- ---- ---- ---- ---- ----
---- ---- ---- ---- ---- ---- ---- ---- ka26 ka27 ka28 ka29 ---- ---- ---- ---- ---- ---- ---- ----
---- ---- ---- ---- ---- ---- ka30 ka31 ka32 ka33 ka34 ka35 ---- ---- ---- ---- ---- ---- ---- ----
I, [2017-12-14T15:34:34.681480 #4540]  INFO -- : 6 turn ikeda(36) vs kashi(36)
---- ---- ---- ---- ---- ---- ---- ---- ---- ---- ---- ik00 ik01 ik02 ik03 ik04 ik05 ik11 ---- ----
---- ---- ---- ---- ---- ---- ---- ---- ---- ---- ---- ik06 ik07 ik08 ik14 ---- ---- ---- ---- ik17
---- ---- ---- ---- ---- ---- ---- ---- ---- ---- ---- ik12 ik13 ---- ik20 ik09 ik15 ik16 ik10 ik23
---- ---- ---- ---- ---- ---- ---- ---- ---- ---- ---- ik18 ik19 ---- ik21 ik22 ---- ---- ik28 ----
---- ---- ---- ---- ---- ---- ---- ---- ---- ---- ---- ik24 ---- ---- ik27 ---- ---- ik33 ---- ----
ka00 ---- ---- ---- ---- ---- ---- ---- ---- ---- ---- ---- ---- ik25 ik31 ---- ---- ---- ik35 ----
ka01 ---- ---- ---- ---- ---- ---- ---- ---- ---- ---- ---- ik30 ---- ---- ik26 ik34 ---- ik29 ----
ka02 ---- ---- ---- ---- ---- ---- ---- ---- ---- ---- ---- ---- ---- ---- ---- ---- ik32 ---- ----
ka08 ka04 ---- ---- ---- ---- ---- ---- ---- ---- ---- ---- ---- ---- ---- ---- ---- ---- ---- ----
ka06 ka15 ---- ---- ---- ---- ---- ---- ---- ---- ---- ---- ---- ---- ---- ---- ---- ---- ---- ----
ka09 ka13 ---- ---- ---- ---- ---- ---- ---- ---- ---- ---- ---- ---- ---- ---- ---- ---- ---- ----
ka03 ka05 ---- ---- ---- ---- ---- ---- ---- ---- ---- ---- ---- ---- ---- ---- ---- ---- ---- ----
ka07 ka18 ---- ---- ---- ---- ---- ---- ---- ---- ---- ---- ---- ---- ---- ---- ---- ---- ---- ----
ka12 ka19 ---- ---- ---- ---- ---- ---- ---- ---- ---- ---- ---- ---- ---- ---- ---- ---- ---- ----
ka14 ---- ---- ---- ---- ---- ---- ---- ---- ---- ---- ---- ---- ---- ---- ---- ---- ---- ---- ----
ka24 ---- ---- ---- ---- ---- ---- ---- ---- ---- ---- ---- ---- ka10 ka11 ---- ---- ---- ---- ----
ka25 ---- ---- ---- ---- ---- ---- ---- ---- ---- ---- ---- ---- ka16 ka17 ---- ---- ---- ---- ----
---- ---- ---- ---- ---- ---- ---- ---- ---- ---- ---- ka20 ka21 ka22 ka23 ---- ---- ---- ---- ----
---- ---- ---- ---- ---- ---- ---- ---- ---- ---- ---- ka26 ka27 ka28 ka29 ---- ---- ---- ---- ----
---- ---- ---- ---- ---- ---- ---- ---- ---- ka30 ka31 ka32 ka33 ka34 ka35 ---- ---- ---- ---- ----
I, [2017-12-14T15:34:35.065631 #4540]  INFO -- : 7 turn ikeda(36) vs kashi(36)
---- ---- ---- ---- ---- ---- ---- ---- ---- ---- ik00 ik01 ik02 ik03 ---- ik05 ik11 ---- ---- ik17
---- ---- ---- ---- ---- ---- ---- ---- ---- ---- ik06 ik07 ik08 ik14 ik20 ik04 ik15 ---- ik10 ----
---- ---- ---- ---- ---- ---- ---- ---- ---- ---- ik12 ik13 ik19 ---- ik09 ---- ik16 ---- ik23 ----
---- ---- ---- ---- ---- ---- ---- ---- ---- ---- ik18 ---- ---- ik21 ik22 ---- ---- ---- ---- ----
---- ---- ---- ---- ---- ---- ---- ---- ---- ---- ---- ---- ---- ik25 ---- ik27 ik33 ---- ik28 ----
ka00 ---- ---- ---- ---- ---- ---- ---- ---- ---- ---- ik24 ---- ik31 ---- ---- ---- ---- ---- ik35
ka01 ---- ---- ---- ---- ---- ---- ---- ---- ---- ---- ---- ---- ik30 ---- ik34 ---- ik29 ---- ----
ka02 ---- ---- ---- ---- ---- ---- ---- ---- ---- ---- ---- ---- ---- ---- ik26 ---- ---- ik32 ----
ka08 ka04 ---- ---- ---- ---- ---- ---- ---- ---- ---- ---- ---- ---- ---- ---- ---- ---- ---- ----
ka06 ka15 ---- ---- ---- ---- ---- ---- ---- ---- ---- ---- ---- ---- ---- ---- ---- ---- ---- ----
ka09 ka13 ---- ---- ---- ---- ---- ---- ---- ---- ---- ---- ---- ---- ---- ---- ---- ---- ---- ----
ka03 ka05 ---- ---- ---- ---- ---- ---- ---- ---- ---- ---- ---- ---- ---- ---- ---- ---- ---- ----
ka07 ka18 ---- ---- ---- ---- ---- ---- ---- ---- ---- ---- ---- ---- ---- ---- ---- ---- ---- ----
ka12 ka19 ---- ---- ---- ---- ---- ---- ---- ---- ---- ---- ---- ---- ---- ---- ---- ---- ---- ----
ka14 ---- ---- ---- ---- ---- ---- ---- ---- ---- ---- ---- ---- ---- ---- ---- ---- ---- ---- ----
ka24 ---- ---- ---- ---- ---- ---- ---- ---- ---- ---- ---- ---- ka10 ka11 ---- ---- ---- ---- ----
ka25 ---- ---- ---- ---- ---- ---- ---- ---- ---- ---- ---- ---- ka16 ka17 ---- ---- ---- ---- ----
---- ---- ---- ---- ---- ---- ---- ---- ---- ---- ---- ka20 ka21 ka22 ka23 ---- ---- ---- ---- ----
---- ---- ---- ---- ---- ---- ---- ---- ---- ---- ---- ka26 ka27 ka28 ka29 ---- ---- ---- ---- ----
---- ---- ---- ---- ---- ---- ---- ---- ---- ka30 ka31 ka32 ka33 ka34 ka35 ---- ---- ---- ---- ----
I, [2017-12-14T15:34:35.612663 #4540]  INFO -- : 8 turn ikeda(36) vs kashi(36)
---- ---- ---- ---- ---- ---- ---- ---- ---- ---- ik00 ik01 ik02 ik03 ---- ik05 ik11 ---- ---- ik17
---- ---- ---- ---- ---- ---- ---- ---- ---- ---- ik06 ik07 ik08 ik14 ik20 ik04 ik15 ---- ik10 ----
ka00 ---- ---- ---- ---- ---- ---- ---- ---- ---- ik12 ik13 ik19 ---- ik09 ---- ik16 ---- ik23 ----
ka01 ---- ---- ---- ---- ---- ---- ---- ---- ---- ik18 ---- ---- ik21 ik22 ---- ---- ---- ---- ----
ka02 ---- ---- ---- ---- ---- ---- ---- ---- ---- ---- ---- ---- ik25 ---- ik27 ik33 ---- ik28 ----
ka08 ---- ---- ---- ---- ---- ---- ---- ---- ---- ---- ik24 ---- ik31 ---- ---- ---- ---- ---- ik35
ka04 ka15 ---- ---- ---- ---- ---- ---- ---- ---- ---- ---- ---- ik30 ---- ik34 ---- ik29 ---- ----
ka06 ka13 ---- ---- ---- ---- ---- ---- ---- ---- ---- ---- ---- ---- ---- ik26 ---- ---- ik32 ----
ka09 ka05 ---- ---- ---- ---- ---- ---- ---- ---- ---- ---- ---- ---- ---- ---- ---- ---- ---- ----
ka03 ka18 ---- ---- ---- ---- ---- ---- ---- ---- ---- ---- ---- ---- ---- ---- ---- ---- ---- ----
ka07 ka19 ---- ---- ---- ---- ---- ---- ---- ---- ---- ---- ---- ---- ---- ---- ---- ---- ---- ----
ka12 ---- ---- ---- ---- ---- ---- ---- ---- ---- ---- ---- ---- ---- ---- ---- ---- ---- ---- ----
ka14 ---- ---- ---- ---- ---- ---- ---- ---- ---- ---- ---- ---- ---- ---- ---- ---- ---- ---- ----
ka24 ---- ---- ---- ---- ---- ---- ---- ---- ---- ---- ---- ---- ---- ---- ---- ---- ---- ---- ----
ka25 ---- ---- ---- ---- ---- ---- ---- ---- ---- ---- ---- ---- ---- ---- ---- ---- ---- ---- ----
---- ---- ---- ---- ---- ---- ---- ---- ---- ---- ---- ---- ---- ---- ---- ---- ka10 ka11 ---- ----
---- ---- ---- ---- ---- ---- ---- ---- ---- ---- ---- ---- ---- ---- ---- ---- ka16 ka17 ---- ----
---- ---- ---- ---- ---- ---- ---- ---- ---- ---- ---- ---- ---- ---- ka20 ka21 ka22 ka23 ---- ----
---- ---- ---- ---- ---- ---- ---- ---- ---- ---- ---- ---- ---- ---- ka26 ka27 ka28 ka29 ---- ----
---- ---- ---- ---- ---- ---- ---- ---- ---- ---- ---- ---- ka30 ka31 ka32 ka33 ka34 ka35 ---- ----
I, [2017-12-14T15:34:35.977935 #4540]  INFO -- : 9 turn ikeda(36) vs kashi(36)
---- ---- ---- ---- ---- ---- ---- ---- ---- ik00 ik01 ik02 ik08 ---- ik03 ik05 ---- ik11 ik10 ----
---- ---- ---- ---- ---- ---- ---- ---- ---- ik06 ik07 ik13 ik14 ik20 ik09 ---- ik16 ik15 ik23 ik17
ka00 ---- ---- ---- ---- ---- ---- ---- ---- ik12 ---- ---- ---- ik19 ---- ik04 ---- ---- ---- ----
ka01 ---- ---- ---- ---- ---- ---- ---- ---- ---- ---- ---- ik21 ik22 ---- ---- ik33 ---- ---- ----
ka02 ---- ---- ---- ---- ---- ---- ---- ---- ---- ik18 ---- ik25 ---- ---- ---- ---- ---- ---- ik35
ka08 ---- ---- ---- ---- ---- ---- ---- ---- ---- ik24 ---- ---- ik30 ik31 ik27 ---- ---- ik28 ----
ka04 ka15 ---- ---- ---- ---- ---- ---- ---- ---- ---- ---- ---- ---- ik34 ik26 ik29 ---- ik32 ----
ka06 ka13 ---- ---- ---- ---- ---- ---- ---- ---- ---- ---- ---- ---- ---- ---- ---- ---- ---- ----
ka09 ka05 ---- ---- ---- ---- ---- ---- ---- ---- ---- ---- ---- ---- ---- ---- ---- ---- ---- ----
ka03 ka18 ---- ---- ---- ---- ---- ---- ---- ---- ---- ---- ---- ---- ---- ---- ---- ---- ---- ----
ka07 ka19 ---- ---- ---- ---- ---- ---- ---- ---- ---- ---- ---- ---- ---- ---- ---- ---- ---- ----
ka12 ---- ---- ---- ---- ---- ---- ---- ---- ---- ---- ---- ---- ---- ---- ---- ---- ---- ---- ----
ka14 ---- ---- ---- ---- ---- ---- ---- ---- ---- ---- ---- ---- ---- ---- ---- ---- ---- ---- ----
ka24 ---- ---- ---- ---- ---- ---- ---- ---- ---- ---- ---- ---- ---- ---- ---- ---- ---- ---- ----
ka25 ---- ---- ---- ---- ---- ---- ---- ---- ---- ---- ---- ---- ---- ---- ---- ---- ---- ---- ----
---- ---- ---- ---- ---- ---- ---- ---- ---- ---- ---- ---- ---- ---- ---- ---- ka10 ka11 ---- ----
---- ---- ---- ---- ---- ---- ---- ---- ---- ---- ---- ---- ---- ---- ---- ---- ka16 ka17 ---- ----
---- ---- ---- ---- ---- ---- ---- ---- ---- ---- ---- ---- ---- ---- ka20 ka21 ka22 ka23 ---- ----
---- ---- ---- ---- ---- ---- ---- ---- ---- ---- ---- ---- ---- ---- ka26 ka27 ka28 ka29 ---- ----
---- ---- ---- ---- ---- ---- ---- ---- ---- ---- ---- ---- ka30 ka31 ka32 ka33 ka34 ka35 ---- ----
I, [2017-12-14T15:34:36.527223 #4540]  INFO -- : 10 turn ikeda(36) vs kashi(36)
---- ---- ---- ---- ---- ---- ---- ---- ---- ik00 ik01 ik02 ik08 ---- ik03 ik05 ---- ik11 ik10 ----
---- ---- ---- ---- ---- ---- ---- ---- ---- ik06 ik07 ik13 ik14 ik20 ik09 ---- ik16 ik15 ik23 ik17
---- ---- ---- ka00 ---- ---- ---- ---- ---- ik12 ---- ---- ---- ik19 ---- ik04 ---- ---- ---- ----
---- ---- ---- ka01 ---- ---- ---- ---- ---- ---- ---- ---- ik21 ik22 ---- ---- ik33 ---- ---- ----
---- ---- ---- ka02 ---- ---- ---- ---- ---- ---- ik18 ---- ik25 ---- ---- ---- ---- ---- ---- ik35
---- ---- ---- ka08 ---- ---- ---- ---- ---- ---- ik24 ---- ---- ik30 ik31 ik27 ---- ---- ik28 ----
---- ---- ---- ka04 ka15 ---- ---- ---- ---- ---- ---- ---- ---- ---- ik34 ik26 ik29 ---- ik32 ----
---- ---- ---- ka06 ka13 ---- ---- ---- ---- ---- ---- ---- ---- ---- ---- ---- ---- ---- ---- ----
---- ---- ---- ka09 ka05 ---- ---- ---- ---- ---- ---- ---- ---- ---- ---- ---- ---- ---- ---- ----
---- ---- ---- ka03 ka18 ---- ---- ---- ---- ---- ---- ---- ---- ---- ---- ---- ---- ---- ---- ----
---- ---- ---- ka07 ka19 ---- ---- ---- ---- ---- ---- ---- ---- ---- ---- ---- ---- ---- ---- ----
---- ---- ---- ka12 ---- ---- ---- ---- ---- ---- ---- ---- ---- ---- ---- ---- ---- ---- ---- ----
---- ---- ---- ka14 ---- ---- ---- ---- ---- ---- ---- ---- ---- ---- ---- ---- ka10 ---- ---- ----
---- ---- ---- ka24 ---- ---- ---- ---- ---- ---- ---- ---- ---- ---- ---- ---- ka11 ka17 ---- ----
---- ---- ---- ka25 ---- ---- ---- ---- ---- ---- ---- ---- ---- ---- ka20 ka21 ka16 ka23 ---- ----
---- ---- ---- ---- ---- ---- ---- ---- ---- ---- ---- ---- ---- ---- ka26 ka27 ka22 ka29 ---- ----
---- ---- ---- ---- ---- ---- ---- ---- ---- ---- ---- ---- ka30 ka31 ka32 ka33 ka28 ka35 ---- ----
---- ---- ---- ---- ---- ---- ---- ---- ---- ---- ---- ---- ---- ---- ---- ---- ka34 ---- ---- ----
---- ---- ---- ---- ---- ---- ---- ---- ---- ---- ---- ---- ---- ---- ---- ---- ---- ---- ---- ----
---- ---- ---- ---- ---- ---- ---- ---- ---- ---- ---- ---- ---- ---- ---- ---- ---- ---- ---- ----
I, [2017-12-14T15:34:36.905547 #4540]  INFO -- : 11 turn ikeda(36) vs kashi(36)
---- ---- ---- ---- ---- ---- ---- ---- ik00 ik01 ik02 ---- ---- ik08 ik03 ---- ik05 ik11 ik23 ik10
---- ---- ---- ---- ---- ---- ---- ---- ik06 ik07 ik13 ik14 ik20 ik09 ---- ik04 ---- ---- ---- ----
---- ---- ---- ka00 ---- ---- ---- ---- ---- ---- ---- ---- ik19 ---- ---- ---- ik16 ik15 ---- ik17
---- ---- ---- ka01 ---- ---- ---- ---- ---- ik12 ik18 ik21 ik22 ---- ---- ik33 ---- ---- ---- ----
---- ---- ---- ka02 ---- ---- ---- ---- ---- ---- ik24 ---- ---- ik25 ik31 ---- ---- ---- ik35 ----
---- ---- ---- ka08 ---- ---- ---- ---- ---- ---- ---- ---- ik30 ---- ---- ik26 ik27 ik28 ---- ----
---- ---- ---- ka04 ka15 ---- ---- ---- ---- ---- ---- ---- ---- ---- ---- ---- ---- ik32 ---- ----
---- ---- ---- ka06 ka13 ---- ---- ---- ---- ---- ---- ---- ---- ---- ik34 ---- ik29 ---- ---- ----
---- ---- ---- ka09 ka05 ---- ---- ---- ---- ---- ---- ---- ---- ---- ---- ---- ---- ---- ---- ----
---- ---- ---- ka03 ka18 ---- ---- ---- ---- ---- ---- ---- ---- ---- ---- ---- ---- ---- ---- ----
---- ---- ---- ka07 ka19 ---- ---- ---- ---- ---- ---- ---- ---- ---- ---- ---- ---- ---- ---- ----
---- ---- ---- ka12 ---- ---- ---- ---- ---- ---- ---- ---- ---- ---- ---- ---- ---- ---- ---- ----
---- ---- ---- ka14 ---- ---- ---- ---- ---- ---- ---- ---- ---- ---- ---- ---- ka10 ---- ---- ----
---- ---- ---- ka24 ---- ---- ---- ---- ---- ---- ---- ---- ---- ---- ---- ---- ka11 ka17 ---- ----
---- ---- ---- ka25 ---- ---- ---- ---- ---- ---- ---- ---- ---- ---- ka20 ka21 ka16 ka23 ---- ----
---- ---- ---- ---- ---- ---- ---- ---- ---- ---- ---- ---- ---- ---- ka26 ka27 ka22 ka29 ---- ----
---- ---- ---- ---- ---- ---- ---- ---- ---- ---- ---- ---- ka30 ka31 ka32 ka33 ka28 ka35 ---- ----
---- ---- ---- ---- ---- ---- ---- ---- ---- ---- ---- ---- ---- ---- ---- ---- ka34 ---- ---- ----
---- ---- ---- ---- ---- ---- ---- ---- ---- ---- ---- ---- ---- ---- ---- ---- ---- ---- ---- ----
---- ---- ---- ---- ---- ---- ---- ---- ---- ---- ---- ---- ---- ---- ---- ---- ---- ---- ---- ----
I, [2017-12-14T15:34:37.563086 #4540]  INFO -- : 12 turn ikeda(36) vs kashi(36)
---- ---- ---- ---- ---- ---- ---- ---- ik00 ik01 ik02 ---- ---- ik08 ik03 ---- ik05 ik11 ik23 ik10
---- ---- ---- ---- ---- ---- ---- ---- ik06 ik07 ik13 ik14 ik20 ik09 ---- ik04 ---- ---- ---- ----
---- ---- ---- ---- ---- ---- ka00 ---- ---- ---- ---- ---- ik19 ---- ---- ---- ik16 ik15 ---- ik17
---- ---- ---- ---- ---- ---- ka01 ---- ---- ik12 ik18 ik21 ik22 ---- ---- ik33 ---- ---- ---- ----
---- ---- ---- ---- ---- ---- ka02 ---- ---- ---- ik24 ---- ---- ik25 ik31 ---- ---- ---- ik35 ----
---- ---- ---- ---- ---- ---- ka08 ---- ---- ---- ---- ---- ik30 ---- ---- ik26 ik27 ik28 ---- ----
---- ---- ---- ---- ---- ---- ka04 ka15 ---- ---- ---- ---- ---- ---- ---- ---- ---- ik32 ---- ----
---- ---- ---- ---- ---- ---- ka06 ka13 ---- ---- ---- ---- ---- ---- ik34 ---- ik29 ---- ---- ----
---- ---- ---- ---- ---- ---- ka09 ka05 ---- ---- ---- ---- ---- ---- ---- ---- ---- ---- ---- ----
---- ---- ---- ---- ---- ---- ka03 ka18 ---- ---- ---- ---- ---- ---- ---- ---- ka10 ---- ---- ----
---- ---- ---- ---- ---- ---- ka07 ka19 ---- ---- ---- ---- ---- ---- ---- ---- ka11 ka17 ---- ----
---- ---- ---- ---- ---- ---- ka12 ---- ---- ---- ---- ---- ---- ---- ka20 ---- ka16 ka23 ---- ----
---- ---- ---- ---- ---- ---- ka14 ---- ---- ---- ---- ---- ---- ---- ka21 ka27 ka22 ka29 ---- ----
---- ---- ---- ---- ---- ---- ka24 ---- ---- ---- ---- ---- ka30 ka31 ka26 ka33 ka28 ka35 ---- ----
---- ---- ---- ---- ---- ---- ka25 ---- ---- ---- ---- ---- ---- ---- ka32 ---- ka34 ---- ---- ----
---- ---- ---- ---- ---- ---- ---- ---- ---- ---- ---- ---- ---- ---- ---- ---- ---- ---- ---- ----
---- ---- ---- ---- ---- ---- ---- ---- ---- ---- ---- ---- ---- ---- ---- ---- ---- ---- ---- ----
---- ---- ---- ---- ---- ---- ---- ---- ---- ---- ---- ---- ---- ---- ---- ---- ---- ---- ---- ----
---- ---- ---- ---- ---- ---- ---- ---- ---- ---- ---- ---- ---- ---- ---- ---- ---- ---- ---- ----
---- ---- ---- ---- ---- ---- ---- ---- ---- ---- ---- ---- ---- ---- ---- ---- ---- ---- ---- ----
I, [2017-12-14T15:34:38.010883 #4540]  INFO -- : 13 turn ikeda(36) vs kashi(34)
---- ---- ---- ---- ---- ---- ---- ---- ik01 ---- ik13 ik02 ik08 ik03 ---- ik05 ---- ---- ik10 ----
---- ---- ---- ---- ---- ---- ik06 ---- ---- ---- ---- ik20 ik09 ---- ik04 ---- ik16 ik11 ik23 ik17
---- ---- ---- ---- ---- ---- ---- ik00 ---- ik07 ---- ik14 ik22 ik19 ---- ik33 ---- ---- ik15 ----
---- ---- ---- ---- ---- ---- ka01 ik18 ---- ---- ik21 ---- ---- ik25 ik31 ---- ---- ---- ---- ----
---- ---- ---- ---- ---- ---- ka02 ik12 ---- ik24 ---- ---- ik30 ---- ---- ---- ---- ik28 ---- ik35
---- ---- ---- ---- ---- ---- ka08 ---- ---- ---- ---- ---- ---- ---- ---- ---- ---- ---- ---- ----
---- ---- ---- ---- ---- ---- ka04 ka15 ---- ---- ---- ---- ---- ---- ---- ik26 ---- ---- ---- ----
---- ---- ---- ---- ---- ---- ka06 ka13 ---- ---- ---- ---- ---- ---- ---- ---- ---- ---- ---- ----
---- ---- ---- ---- ---- ---- ka09 ka05 ---- ---- ---- ---- ---- ---- ---- ---- ik27 ---- ---- ----
---- ---- ---- ---- ---- ---- ka03 ka18 ---- ---- ---- ---- ---- ---- ---- ---- ik29 ik32 ---- ----
---- ---- ---- ---- ---- ---- ka07 ka19 ---- ---- ---- ---- ---- ---- ik34 ---- ka11 ka17 ---- ----
---- ---- ---- ---- ---- ---- ka12 ---- ---- ---- ---- ---- ---- ---- ka20 ---- ka16 ka23 ---- ----
---- ---- ---- ---- ---- ---- ka14 ---- ---- ---- ---- ---- ---- ---- ka21 ka27 ka22 ka29 ---- ----
---- ---- ---- ---- ---- ---- ka24 ---- ---- ---- ---- ---- ka30 ka31 ka26 ka33 ka28 ka35 ---- ----
---- ---- ---- ---- ---- ---- ka25 ---- ---- ---- ---- ---- ---- ---- ka32 ---- ka34 ---- ---- ----
---- ---- ---- ---- ---- ---- ---- ---- ---- ---- ---- ---- ---- ---- ---- ---- ---- ---- ---- ----
---- ---- ---- ---- ---- ---- ---- ---- ---- ---- ---- ---- ---- ---- ---- ---- ---- ---- ---- ----
---- ---- ---- ---- ---- ---- ---- ---- ---- ---- ---- ---- ---- ---- ---- ---- ---- ---- ---- ----
---- ---- ---- ---- ---- ---- ---- ---- ---- ---- ---- ---- ---- ---- ---- ---- ---- ---- ---- ----
---- ---- ---- ---- ---- ---- ---- ---- ---- ---- ---- ---- ---- ---- ---- ---- ---- ---- ---- ----
I, [2017-12-14T15:34:38.574917 #4540]  INFO -- : 14 turn ikeda(32) vs kashi(34)
---- ---- ---- ---- ---- ---- ---- ---- ik01 ---- ik13 ik02 ik08 ik03 ---- ik05 ---- ---- ik10 ----
---- ---- ---- ---- ---- ---- ik06 ---- ---- ---- ---- ik20 ik09 ---- ik04 ---- ik16 ik11 ik23 ik17
---- ---- ---- ---- ---- ---- ---- ik00 ---- ik07 ---- ik14 ik22 ik19 ---- ik33 ---- ---- ik15 ----
---- ---- ---- ---- ---- ---- ka01 ---- ---- ---- ik21 ---- ---- ik25 ik31 ---- ---- ---- ---- ----
---- ---- ---- ---- ---- ---- ka02 ka15 ---- ik24 ---- ---- ik30 ---- ---- ---- ---- ik28 ---- ik35
---- ---- ---- ---- ---- ---- ka04 ka08 ---- ---- ---- ---- ---- ---- ---- ---- ---- ---- ---- ----
---- ---- ---- ---- ---- ---- ka06 ka13 ---- ---- ---- ---- ---- ---- ---- ik26 ---- ---- ---- ----
---- ---- ---- ---- ---- ---- ka09 ka05 ---- ---- ---- ---- ---- ---- ---- ---- ---- ---- ---- ----
---- ---- ---- ---- ---- ---- ka03 ka18 ---- ---- ---- ---- ---- ---- ---- ---- ik27 ---- ---- ----
---- ---- ---- ---- ---- ---- ka07 ka19 ---- ---- ---- ---- ---- ---- ka21 ka27 ---- ik32 ---- ----
---- ---- ---- ---- ---- ---- ka12 ---- ---- ---- ---- ---- ka30 ---- ka26 ka16 ka11 ka17 ka23 ----
---- ---- ---- ---- ---- ---- ka14 ---- ---- ---- ---- ---- ---- ---- ka20 ka33 ka22 ka29 ---- ----
---- ---- ---- ---- ---- ---- ka24 ---- ---- ---- ---- ---- ---- ---- ---- ka31 ka28 ka35 ---- ----
---- ---- ---- ---- ---- ---- ka25 ---- ---- ---- ---- ---- ---- ---- ---- ---- ka34 ---- ---- ----
---- ---- ---- ---- ---- ---- ---- ---- ---- ---- ---- ---- ---- ---- ---- ---- ka32 ---- ---- ----
---- ---- ---- ---- ---- ---- ---- ---- ---- ---- ---- ---- ---- ---- ---- ---- ---- ---- ---- ----
---- ---- ---- ---- ---- ---- ---- ---- ---- ---- ---- ---- ---- ---- ---- ---- ---- ---- ---- ----
---- ---- ---- ---- ---- ---- ---- ---- ---- ---- ---- ---- ---- ---- ---- ---- ---- ---- ---- ----
---- ---- ---- ---- ---- ---- ---- ---- ---- ---- ---- ---- ---- ---- ---- ---- ---- ---- ---- ----
---- ---- ---- ---- ---- ---- ---- ---- ---- ---- ---- ---- ---- ---- ---- ---- ---- ---- ---- ----
I, [2017-12-14T15:34:38.885127 #4540]  INFO -- : 15 turn ikeda(32) vs kashi(31)
---- ---- ---- ---- ---- ---- ---- ---- ---- ik13 ik02 ik08 ik03 ---- ik04 ---- ---- ---- ik23 ik10
---- ---- ---- ---- ---- ---- ---- ---- ik01 ---- ik20 ik09 ik22 ik19 ---- ik05 ik11 ---- ik17 ----
---- ---- ---- ---- ---- ---- ---- ---- ---- ---- ik14 ---- ---- ik25 ik33 ---- ik16 ---- ---- ik15
---- ---- ---- ---- ---- ik06 ik00 ik07 ---- ---- ---- ---- ---- ---- ---- ik31 ---- ---- ---- ik35
---- ---- ---- ---- ---- ---- ---- ik24 ik21 ---- ---- ---- ---- ---- ---- ---- ---- ---- ik28 ----
---- ---- ---- ---- ---- ---- ka04 ka08 ---- ---- ---- ---- ik30 ---- ---- ---- ---- ---- ---- ----
---- ---- ---- ---- ---- ---- ka06 ka13 ---- ---- ---- ---- ---- ---- ---- ---- ---- ---- ---- ----
---- ---- ---- ---- ---- ---- ka09 ka05 ---- ---- ---- ---- ---- ---- ---- ---- ---- ---- ---- ----
---- ---- ---- ---- ---- ---- ka03 ka18 ---- ---- ---- ---- ---- ---- ik27 ik26 ---- ---- ---- ----
---- ---- ---- ---- ---- ---- ka07 ka19 ---- ---- ---- ---- ---- ---- ka21 ka27 ---- ---- ---- ----
---- ---- ---- ---- ---- ---- ka12 ---- ---- ---- ---- ---- ka30 ---- ka26 ka16 ka11 ka17 ka23 ik32
---- ---- ---- ---- ---- ---- ka14 ---- ---- ---- ---- ---- ---- ---- ka20 ka33 ka22 ka29 ---- ----
---- ---- ---- ---- ---- ---- ka24 ---- ---- ---- ---- ---- ---- ---- ---- ka31 ka28 ka35 ---- ----
---- ---- ---- ---- ---- ---- ka25 ---- ---- ---- ---- ---- ---- ---- ---- ---- ka34 ---- ---- ----
---- ---- ---- ---- ---- ---- ---- ---- ---- ---- ---- ---- ---- ---- ---- ---- ka32 ---- ---- ----
---- ---- ---- ---- ---- ---- ---- ---- ---- ---- ---- ---- ---- ---- ---- ---- ---- ---- ---- ----
---- ---- ---- ---- ---- ---- ---- ---- ---- ---- ---- ---- ---- ---- ---- ---- ---- ---- ---- ----
---- ---- ---- ---- ---- ---- ---- ---- ---- ---- ---- ---- ---- ---- ---- ---- ---- ---- ---- ----
---- ---- ---- ---- ---- ---- ---- ---- ---- ---- ---- ---- ---- ---- ---- ---- ---- ---- ---- ----
---- ---- ---- ---- ---- ---- ---- ---- ---- ---- ---- ---- ---- ---- ---- ---- ---- ---- ---- ----
I, [2017-12-14T15:34:39.294028 #4540]  INFO -- : 16 turn ikeda(29) vs kashi(31)
---- ---- ---- ---- ---- ---- ---- ---- ---- ik13 ik02 ik08 ik03 ---- ik04 ---- ---- ---- ik23 ik10
---- ---- ---- ---- ---- ---- ---- ---- ik01 ---- ik20 ik09 ik22 ik19 ---- ik05 ik11 ---- ik17 ----
---- ---- ---- ---- ---- ---- ---- ---- ---- ---- ik14 ---- ---- ik25 ik33 ---- ik16 ---- ---- ik15
---- ---- ---- ---- ---- ik06 ik00 ik07 ---- ---- ---- ---- ---- ---- ---- ik31 ---- ---- ---- ik35
---- ---- ---- ---- ---- ---- ka04 ik24 ik21 ---- ---- ---- ---- ---- ---- ---- ---- ---- ik28 ----
---- ---- ---- ---- ---- ---- ka06 ka08 ka13 ---- ---- ---- ik30 ---- ---- ---- ---- ---- ---- ----
---- ---- ---- ---- ---- ---- ka09 ka05 ---- ---- ---- ---- ---- ---- ---- ---- ---- ---- ---- ----
---- ---- ---- ---- ---- ---- ka03 ka18 ---- ---- ---- ---- ---- ---- ---- ---- ---- ---- ---- ----
---- ---- ---- ---- ---- ---- ka07 ka19 ---- ---- ---- ---- ---- ka30 ---- ka33 ka11 ---- ka17 ----
---- ---- ---- ---- ---- ---- ka12 ---- ---- ---- ---- ---- ---- ka26 ka21 ka27 ka16 ka35 ka29 ----
---- ---- ---- ---- ---- ---- ka14 ---- ---- ---- ---- ---- ---- ---- ka20 ka31 ka22 ---- ka23 ----
---- ---- ---- ---- ---- ---- ka24 ---- ---- ---- ---- ---- ---- ---- ---- ---- ka28 ---- ---- ----
---- ---- ---- ---- ---- ---- ka25 ---- ---- ---- ---- ---- ---- ---- ---- ---- ka34 ---- ---- ----
---- ---- ---- ---- ---- ---- ---- ---- ---- ---- ---- ---- ---- ---- ---- ---- ka32 ---- ---- ----
---- ---- ---- ---- ---- ---- ---- ---- ---- ---- ---- ---- ---- ---- ---- ---- ---- ---- ---- ----
---- ---- ---- ---- ---- ---- ---- ---- ---- ---- ---- ---- ---- ---- ---- ---- ---- ---- ---- ----
---- ---- ---- ---- ---- ---- ---- ---- ---- ---- ---- ---- ---- ---- ---- ---- ---- ---- ---- ----
---- ---- ---- ---- ---- ---- ---- ---- ---- ---- ---- ---- ---- ---- ---- ---- ---- ---- ---- ----
---- ---- ---- ---- ---- ---- ---- ---- ---- ---- ---- ---- ---- ---- ---- ---- ---- ---- ---- ----
---- ---- ---- ---- ---- ---- ---- ---- ---- ---- ---- ---- ---- ---- ---- ---- ---- ---- ---- ----
I, [2017-12-14T15:34:39.567649 #4540]  INFO -- : 17 turn ikeda(29) vs kashi(29)
---- ---- ---- ---- ---- ---- ---- ---- ---- ik02 ik08 ik03 ik22 ik19 ---- ---- ---- ik23 ik10 ----
---- ---- ---- ---- ---- ---- ---- ---- ---- ik13 ik20 ---- ---- ---- ik04 ik11 ---- ik17 ---- ik15
---- ---- ---- ---- ---- ---- ---- ---- ik01 ---- ---- ik09 ik25 ---- ---- ik05 ---- ---- ---- ----
---- ---- ---- ---- ---- ---- ik00 ---- ---- ---- ik14 ---- ---- ---- ik33 ---- ik16 ---- ik35 ----
---- ---- ---- ---- ---- ik07 ik21 ---- ---- ---- ---- ---- ---- ---- ---- ik31 ---- ---- ---- ----
---- ---- ---- ---- ---- ik24 ---- ka08 ka13 ---- ---- ---- ---- ---- ---- ---- ---- ---- ---- ----
---- ---- ---- ---- ---- ik06 ka09 ka05 ---- ---- ---- ---- ---- ---- ---- ---- ---- ---- ---- ----
---- ---- ---- ---- ---- ---- ka03 ka18 ---- ---- ---- ---- ---- ---- ---- ---- ---- ---- ik28 ----
---- ---- ---- ---- ---- ---- ka07 ka19 ---- ---- ---- ---- ik30 ka30 ---- ka33 ka11 ---- ka17 ----
---- ---- ---- ---- ---- ---- ka12 ---- ---- ---- ---- ---- ---- ka26 ka21 ka27 ka16 ka35 ka29 ----
---- ---- ---- ---- ---- ---- ka14 ---- ---- ---- ---- ---- ---- ---- ka20 ka31 ka22 ---- ka23 ----
---- ---- ---- ---- ---- ---- ka24 ---- ---- ---- ---- ---- ---- ---- ---- ---- ka28 ---- ---- ----
---- ---- ---- ---- ---- ---- ka25 ---- ---- ---- ---- ---- ---- ---- ---- ---- ka34 ---- ---- ----
---- ---- ---- ---- ---- ---- ---- ---- ---- ---- ---- ---- ---- ---- ---- ---- ka32 ---- ---- ----
---- ---- ---- ---- ---- ---- ---- ---- ---- ---- ---- ---- ---- ---- ---- ---- ---- ---- ---- ----
---- ---- ---- ---- ---- ---- ---- ---- ---- ---- ---- ---- ---- ---- ---- ---- ---- ---- ---- ----
---- ---- ---- ---- ---- ---- ---- ---- ---- ---- ---- ---- ---- ---- ---- ---- ---- ---- ---- ----
---- ---- ---- ---- ---- ---- ---- ---- ---- ---- ---- ---- ---- ---- ---- ---- ---- ---- ---- ----
---- ---- ---- ---- ---- ---- ---- ---- ---- ---- ---- ---- ---- ---- ---- ---- ---- ---- ---- ----
---- ---- ---- ---- ---- ---- ---- ---- ---- ---- ---- ---- ---- ---- ---- ---- ---- ---- ---- ----
I, [2017-12-14T15:34:40.117181 #4540]  INFO -- : 18 turn ikeda(24) vs kashi(29)
---- ---- ---- ---- ---- ---- ---- ---- ---- ik02 ik08 ik03 ik22 ik19 ---- ---- ---- ik23 ik10 ----
---- ---- ---- ---- ---- ---- ---- ---- ---- ik13 ik20 ---- ---- ---- ik04 ik11 ---- ik17 ---- ik15
---- ---- ---- ---- ---- ---- ---- ---- ik01 ---- ---- ik09 ik25 ---- ---- ik05 ---- ---- ---- ----
---- ---- ---- ---- ---- ---- ik00 ---- ka13 ---- ik14 ---- ---- ---- ik33 ---- ik16 ---- ik35 ----
---- ---- ---- ---- ---- ik07 ---- ---- ---- ---- ---- ---- ---- ---- ---- ik31 ---- ---- ---- ----
---- ---- ---- ---- ---- ---- ka08 ka19 ---- ---- ---- ---- ---- ---- ---- ka33 ---- ---- ---- ----
---- ---- ---- ---- ---- ka18 ka09 ka05 ---- ---- ---- ---- ---- ---- ka21 ka27 ka16 ---- ---- ----
---- ---- ---- ---- ---- ka03 ka07 ---- ---- ---- ---- ---- ---- ---- ka20 ka31 ka35 ka11 ka23 ----
---- ---- ---- ---- ---- ---- ka12 ---- ---- ---- ---- ---- ---- ka30 ---- ---- ka22 ---- ka17 ka29
---- ---- ---- ---- ---- ---- ka14 ---- ---- ---- ---- ---- ka26 ---- ---- ---- ka28 ---- ---- ----
---- ---- ---- ---- ---- ---- ka24 ---- ---- ---- ---- ---- ---- ---- ---- ---- ka34 ---- ---- ----
---- ---- ---- ---- ---- ---- ka25 ---- ---- ---- ---- ---- ---- ---- ---- ---- ka32 ---- ---- ----
---- ---- ---- ---- ---- ---- ---- ---- ---- ---- ---- ---- ---- ---- ---- ---- ---- ---- ---- ----
---- ---- ---- ---- ---- ---- ---- ---- ---- ---- ---- ---- ---- ---- ---- ---- ---- ---- ---- ----
---- ---- ---- ---- ---- ---- ---- ---- ---- ---- ---- ---- ---- ---- ---- ---- ---- ---- ---- ----
---- ---- ---- ---- ---- ---- ---- ---- ---- ---- ---- ---- ---- ---- ---- ---- ---- ---- ---- ----
---- ---- ---- ---- ---- ---- ---- ---- ---- ---- ---- ---- ---- ---- ---- ---- ---- ---- ---- ----
---- ---- ---- ---- ---- ---- ---- ---- ---- ---- ---- ---- ---- ---- ---- ---- ---- ---- ---- ----
---- ---- ---- ---- ---- ---- ---- ---- ---- ---- ---- ---- ---- ---- ---- ---- ---- ---- ---- ----
---- ---- ---- ---- ---- ---- ---- ---- ---- ---- ---- ---- ---- ---- ---- ---- ---- ---- ---- ----
I, [2017-12-14T15:34:40.346127 #4540]  INFO -- : 19 turn ikeda(24) vs kashi(25)
---- ---- ---- ---- ---- ---- ---- ---- ---- ik08 ---- ik22 ---- ---- ik19 ik11 ik23 ik10 ---- ik15
---- ---- ---- ---- ---- ---- ---- ---- ik13 ---- ---- ik03 ---- ---- ---- ik05 ---- ---- ---- ----
---- ---- ---- ---- ---- ---- ---- ---- ---- ---- ik20 ---- ---- ---- ik04 ---- ---- ik17 ---- ----
---- ---- ---- ---- ---- ---- ---- ik01 ---- ik02 ---- ik09 ik25 ---- ---- ---- ---- ---- ---- ----
---- ---- ---- ---- ---- ---- ik00 ik07 ---- ---- ik14 ---- ---- ---- ---- ik31 ---- ---- ---- ----
---- ---- ---- ---- ---- ---- ---- ka19 ---- ---- ---- ---- ---- ---- ik33 ka33 ik16 ---- ---- ----
---- ---- ---- ---- ---- ka18 ka09 ka05 ---- ---- ---- ---- ---- ---- ---- ka27 ka16 ---- ik35 ----
---- ---- ---- ---- ---- ka03 ka07 ---- ---- ---- ---- ---- ---- ---- ka20 ka31 ka35 ka11 ---- ----
---- ---- ---- ---- ---- ---- ka12 ---- ---- ---- ---- ---- ---- ka30 ---- ---- ka22 ---- ka17 ka29
---- ---- ---- ---- ---- ---- ka14 ---- ---- ---- ---- ---- ka26 ---- ---- ---- ka28 ---- ---- ----
---- ---- ---- ---- ---- ---- ka24 ---- ---- ---- ---- ---- ---- ---- ---- ---- ka34 ---- ---- ----
---- ---- ---- ---- ---- ---- ka25 ---- ---- ---- ---- ---- ---- ---- ---- ---- ka32 ---- ---- ----
---- ---- ---- ---- ---- ---- ---- ---- ---- ---- ---- ---- ---- ---- ---- ---- ---- ---- ---- ----
---- ---- ---- ---- ---- ---- ---- ---- ---- ---- ---- ---- ---- ---- ---- ---- ---- ---- ---- ----
---- ---- ---- ---- ---- ---- ---- ---- ---- ---- ---- ---- ---- ---- ---- ---- ---- ---- ---- ----
---- ---- ---- ---- ---- ---- ---- ---- ---- ---- ---- ---- ---- ---- ---- ---- ---- ---- ---- ----
---- ---- ---- ---- ---- ---- ---- ---- ---- ---- ---- ---- ---- ---- ---- ---- ---- ---- ---- ----
---- ---- ---- ---- ---- ---- ---- ---- ---- ---- ---- ---- ---- ---- ---- ---- ---- ---- ---- ----
---- ---- ---- ---- ---- ---- ---- ---- ---- ---- ---- ---- ---- ---- ---- ---- ---- ---- ---- ----
---- ---- ---- ---- ---- ---- ---- ---- ---- ---- ---- ---- ---- ---- ---- ---- ---- ---- ---- ----
I, [2017-12-14T15:34:40.820775 #4540]  INFO -- : 20 turn ikeda(19) vs kashi(25)
---- ---- ---- ---- ---- ---- ---- ---- ---- ik08 ---- ik22 ---- ---- ik19 ik11 ik23 ik10 ---- ik15
---- ---- ---- ---- ---- ---- ---- ---- ik13 ---- ---- ik03 ---- ---- ---- ik05 ---- ---- ---- ----
---- ---- ---- ---- ---- ---- ---- ---- ---- ---- ik20 ---- ---- ---- ik04 ---- ---- ik17 ---- ----
---- ---- ---- ---- ---- ---- ---- ik01 ---- ik02 ---- ik09 ik25 ---- ---- ---- ---- ---- ---- ----
---- ---- ---- ---- ---- ka03 ka18 ---- ---- ---- ik14 ---- ---- ---- ---- ---- ---- ---- ---- ----
---- ---- ---- ---- ---- ---- ka09 ka19 ka05 ---- ---- ---- ---- ka30 ---- ka33 ik16 ---- ka17 ----
---- ---- ---- ---- ---- ---- ka14 ka07 ---- ---- ---- ---- ka26 ---- ka27 ka20 ka16 ka35 ---- ----
---- ---- ---- ---- ---- ---- ---- ka12 ---- ---- ---- ---- ---- ---- ka31 ---- ka22 ka29 ka11 ----
---- ---- ---- ---- ---- ---- ---- ka24 ---- ---- ---- ---- ---- ---- ---- ---- ka28 ---- ---- ----
---- ---- ---- ---- ---- ---- ---- ka25 ---- ---- ---- ---- ---- ---- ---- ---- ka34 ---- ---- ----
---- ---- ---- ---- ---- ---- ---- ---- ---- ---- ---- ---- ---- ---- ---- ---- ka32 ---- ---- ----
---- ---- ---- ---- ---- ---- ---- ---- ---- ---- ---- ---- ---- ---- ---- ---- ---- ---- ---- ----
---- ---- ---- ---- ---- ---- ---- ---- ---- ---- ---- ---- ---- ---- ---- ---- ---- ---- ---- ----
---- ---- ---- ---- ---- ---- ---- ---- ---- ---- ---- ---- ---- ---- ---- ---- ---- ---- ---- ----
---- ---- ---- ---- ---- ---- ---- ---- ---- ---- ---- ---- ---- ---- ---- ---- ---- ---- ---- ----
---- ---- ---- ---- ---- ---- ---- ---- ---- ---- ---- ---- ---- ---- ---- ---- ---- ---- ---- ----
---- ---- ---- ---- ---- ---- ---- ---- ---- ---- ---- ---- ---- ---- ---- ---- ---- ---- ---- ----
---- ---- ---- ---- ---- ---- ---- ---- ---- ---- ---- ---- ---- ---- ---- ---- ---- ---- ---- ----
---- ---- ---- ---- ---- ---- ---- ---- ---- ---- ---- ---- ---- ---- ---- ---- ---- ---- ---- ----
---- ---- ---- ---- ---- ---- ---- ---- ---- ---- ---- ---- ---- ---- ---- ---- ---- ---- ---- ----
I, [2017-12-14T15:34:40.984686 #4540]  INFO -- : 21 turn ikeda(19) vs kashi(19)
---- ---- ---- ---- ---- ---- ---- ---- ---- ---- ik08 ---- ik22 ik19 ik11 ik23 ik10 ---- ---- ----
---- ---- ---- ---- ---- ---- ---- ---- ---- ---- ik20 ---- ---- ---- ---- ---- ---- ---- ---- ik15
---- ---- ---- ---- ---- ---- ---- ---- ---- ---- ---- ik03 ---- ---- ---- ---- ---- ---- ---- ----
---- ---- ---- ---- ---- ---- ---- ---- ---- ---- ---- ---- ---- ---- ---- ---- ---- ---- ---- ----
---- ---- ---- ---- ---- ka03 ka18 ik01 ik13 ---- ---- ---- ---- ik25 ---- ik05 ---- ---- ik17 ----
---- ---- ---- ---- ---- ---- ka09 ka19 ---- ik02 ---- ---- ik09 ---- ik04 ---- ---- ---- ---- ----
---- ---- ---- ---- ---- ---- ka14 ka07 ---- ---- ---- ik14 ---- ---- ---- ka20 ka16 ka35 ik16 ----
---- ---- ---- ---- ---- ---- ---- ka12 ---- ---- ---- ---- ---- ---- ka31 ---- ka22 ka29 ka11 ----
---- ---- ---- ---- ---- ---- ---- ka24 ---- ---- ---- ---- ---- ---- ---- ---- ka28 ---- ---- ----
---- ---- ---- ---- ---- ---- ---- ka25 ---- ---- ---- ---- ---- ---- ---- ---- ka34 ---- ---- ----
---- ---- ---- ---- ---- ---- ---- ---- ---- ---- ---- ---- ---- ---- ---- ---- ka32 ---- ---- ----
---- ---- ---- ---- ---- ---- ---- ---- ---- ---- ---- ---- ---- ---- ---- ---- ---- ---- ---- ----
---- ---- ---- ---- ---- ---- ---- ---- ---- ---- ---- ---- ---- ---- ---- ---- ---- ---- ---- ----
---- ---- ---- ---- ---- ---- ---- ---- ---- ---- ---- ---- ---- ---- ---- ---- ---- ---- ---- ----
---- ---- ---- ---- ---- ---- ---- ---- ---- ---- ---- ---- ---- ---- ---- ---- ---- ---- ---- ----
---- ---- ---- ---- ---- ---- ---- ---- ---- ---- ---- ---- ---- ---- ---- ---- ---- ---- ---- ----
---- ---- ---- ---- ---- ---- ---- ---- ---- ---- ---- ---- ---- ---- ---- ---- ---- ---- ---- ----
---- ---- ---- ---- ---- ---- ---- ---- ---- ---- ---- ---- ---- ---- ---- ---- ---- ---- ---- ----
---- ---- ---- ---- ---- ---- ---- ---- ---- ---- ---- ---- ---- ---- ---- ---- ---- ---- ---- ----
---- ---- ---- ---- ---- ---- ---- ---- ---- ---- ---- ---- ---- ---- ---- ---- ---- ---- ---- ----
I, [2017-12-14T15:34:41.636171 #4540]  INFO -- : 22 turn ikeda(14) vs kashi(19)
---- ---- ---- ---- ---- ---- ---- ---- ---- ---- ik08 ---- ik22 ik19 ik11 ik23 ik10 ---- ---- ----
---- ---- ---- ---- ---- ---- ---- ---- ---- ---- ik20 ---- ---- ---- ---- ---- ---- ---- ---- ik15
---- ---- ---- ---- ---- ---- ---- ---- ---- ---- ---- ik03 ---- ---- ---- ---- ---- ---- ---- ----
---- ---- ---- ---- ---- ---- ---- ---- ---- ---- ---- ---- ---- ---- ---- ---- ---- ---- ---- ----
---- ---- ---- ---- ---- ---- ka18 ka03 ---- ---- ---- ---- ---- ik25 ---- ---- ka16 ka29 ---- ----
---- ---- ---- ---- ---- ---- ---- ka09 ka19 ik02 ---- ---- ik09 ---- ik04 ka20 ---- ---- ka11 ----
---- ---- ---- ---- ---- ---- ---- ---- ka14 ka07 ---- ik14 ---- ---- ka31 ka28 ---- ka35 ---- ----
---- ---- ---- ---- ---- ---- ---- ---- ka25 ka12 ---- ---- ---- ---- ka22 ---- ---- ---- ---- ----
---- ---- ---- ---- ---- ---- ---- ---- ---- ka24 ---- ---- ---- ---- ka34 ---- ---- ---- ---- ----
---- ---- ---- ---- ---- ---- ---- ---- ---- ---- ---- ---- ---- ---- ka32 ---- ---- ---- ---- ----
---- ---- ---- ---- ---- ---- ---- ---- ---- ---- ---- ---- ---- ---- ---- ---- ---- ---- ---- ----
---- ---- ---- ---- ---- ---- ---- ---- ---- ---- ---- ---- ---- ---- ---- ---- ---- ---- ---- ----
---- ---- ---- ---- ---- ---- ---- ---- ---- ---- ---- ---- ---- ---- ---- ---- ---- ---- ---- ----
---- ---- ---- ---- ---- ---- ---- ---- ---- ---- ---- ---- ---- ---- ---- ---- ---- ---- ---- ----
---- ---- ---- ---- ---- ---- ---- ---- ---- ---- ---- ---- ---- ---- ---- ---- ---- ---- ---- ----
---- ---- ---- ---- ---- ---- ---- ---- ---- ---- ---- ---- ---- ---- ---- ---- ---- ---- ---- ----
---- ---- ---- ---- ---- ---- ---- ---- ---- ---- ---- ---- ---- ---- ---- ---- ---- ---- ---- ----
---- ---- ---- ---- ---- ---- ---- ---- ---- ---- ---- ---- ---- ---- ---- ---- ---- ---- ---- ----
---- ---- ---- ---- ---- ---- ---- ---- ---- ---- ---- ---- ---- ---- ---- ---- ---- ---- ---- ----
---- ---- ---- ---- ---- ---- ---- ---- ---- ---- ---- ---- ---- ---- ---- ---- ---- ---- ---- ----
I, [2017-12-14T15:34:41.757308 #4540]  INFO -- : 23 turn ikeda(14) vs kashi(16)
---- ---- ---- ---- ---- ---- ---- ---- ---- ik08 ---- ---- ik19 ik11 ik23 ---- ---- ---- ---- ----
---- ---- ---- ---- ---- ---- ---- ---- ---- ik20 ---- ---- ik22 ---- ---- ---- ---- ---- ---- ----
---- ---- ---- ---- ---- ---- ---- ---- ---- ---- ---- ---- ik03 ---- ---- ---- ---- ---- ---- ik15
---- ---- ---- ---- ---- ---- ---- ---- ---- ---- ---- ---- ---- ---- ---- ---- ik10 ---- ---- ----
---- ---- ---- ---- ---- ---- ka18 ka03 ---- ---- ---- ---- ---- ---- ---- ---- ---- ka29 ---- ----
---- ---- ---- ---- ---- ---- ---- ka09 ka19 ik09 ---- ---- ---- ---- ik04 ---- ---- ---- ka11 ----
---- ---- ---- ---- ---- ---- ---- ---- ka14 ---- ik02 ---- ---- ik25 ka31 ka28 ---- ka35 ---- ----
---- ---- ---- ---- ---- ---- ---- ---- ka25 ka12 ik14 ---- ---- ---- ka22 ---- ---- ---- ---- ----
---- ---- ---- ---- ---- ---- ---- ---- ---- ka24 ---- ---- ---- ---- ka34 ---- ---- ---- ---- ----
---- ---- ---- ---- ---- ---- ---- ---- ---- ---- ---- ---- ---- ---- ka32 ---- ---- ---- ---- ----
---- ---- ---- ---- ---- ---- ---- ---- ---- ---- ---- ---- ---- ---- ---- ---- ---- ---- ---- ----
---- ---- ---- ---- ---- ---- ---- ---- ---- ---- ---- ---- ---- ---- ---- ---- ---- ---- ---- ----
---- ---- ---- ---- ---- ---- ---- ---- ---- ---- ---- ---- ---- ---- ---- ---- ---- ---- ---- ----
---- ---- ---- ---- ---- ---- ---- ---- ---- ---- ---- ---- ---- ---- ---- ---- ---- ---- ---- ----
---- ---- ---- ---- ---- ---- ---- ---- ---- ---- ---- ---- ---- ---- ---- ---- ---- ---- ---- ----
---- ---- ---- ---- ---- ---- ---- ---- ---- ---- ---- ---- ---- ---- ---- ---- ---- ---- ---- ----
---- ---- ---- ---- ---- ---- ---- ---- ---- ---- ---- ---- ---- ---- ---- ---- ---- ---- ---- ----
---- ---- ---- ---- ---- ---- ---- ---- ---- ---- ---- ---- ---- ---- ---- ---- ---- ---- ---- ----
---- ---- ---- ---- ---- ---- ---- ---- ---- ---- ---- ---- ---- ---- ---- ---- ---- ---- ---- ----
---- ---- ---- ---- ---- ---- ---- ---- ---- ---- ---- ---- ---- ---- ---- ---- ---- ---- ---- ----
I, [2017-12-14T15:34:42.185124 #4540]  INFO -- : 24 turn ikeda(10) vs kashi(16)
---- ---- ---- ---- ---- ---- ---- ---- ---- ik08 ---- ---- ik19 ik11 ik23 ---- ---- ---- ---- ----
---- ---- ---- ---- ---- ---- ---- ---- ---- ik20 ---- ---- ik22 ---- ---- ---- ---- ---- ---- ----
---- ---- ---- ---- ---- ---- ---- ---- ---- ---- ---- ---- ik03 ---- ---- ---- ---- ---- ---- ik15
---- ---- ---- ---- ---- ---- ---- ---- ---- ka03 ---- ---- ---- ---- ---- ---- ---- ka35 ---- ka11
---- ---- ---- ---- ---- ---- ---- ---- ka09 ka18 ---- ---- ---- ---- ---- ---- ka29 ---- ---- ----
---- ---- ---- ---- ---- ---- ---- ---- ka19 ---- ---- ---- ---- ---- ka28 ---- ---- ---- ---- ----
---- ---- ---- ---- ---- ---- ---- ---- ---- ka14 ik02 ---- ---- ik25 ka31 ---- ---- ---- ---- ----
---- ---- ---- ---- ---- ---- ---- ---- ka25 ka12 ---- ---- ---- ka22 ka32 ---- ---- ---- ---- ----
---- ---- ---- ---- ---- ---- ---- ---- ---- ---- ka24 ---- ---- ka34 ---- ---- ---- ---- ---- ----
---- ---- ---- ---- ---- ---- ---- ---- ---- ---- ---- ---- ---- ---- ---- ---- ---- ---- ---- ----
---- ---- ---- ---- ---- ---- ---- ---- ---- ---- ---- ---- ---- ---- ---- ---- ---- ---- ---- ----
---- ---- ---- ---- ---- ---- ---- ---- ---- ---- ---- ---- ---- ---- ---- ---- ---- ---- ---- ----
---- ---- ---- ---- ---- ---- ---- ---- ---- ---- ---- ---- ---- ---- ---- ---- ---- ---- ---- ----
---- ---- ---- ---- ---- ---- ---- ---- ---- ---- ---- ---- ---- ---- ---- ---- ---- ---- ---- ----
---- ---- ---- ---- ---- ---- ---- ---- ---- ---- ---- ---- ---- ---- ---- ---- ---- ---- ---- ----
---- ---- ---- ---- ---- ---- ---- ---- ---- ---- ---- ---- ---- ---- ---- ---- ---- ---- ---- ----
---- ---- ---- ---- ---- ---- ---- ---- ---- ---- ---- ---- ---- ---- ---- ---- ---- ---- ---- ----
---- ---- ---- ---- ---- ---- ---- ---- ---- ---- ---- ---- ---- ---- ---- ---- ---- ---- ---- ----
---- ---- ---- ---- ---- ---- ---- ---- ---- ---- ---- ---- ---- ---- ---- ---- ---- ---- ---- ----
---- ---- ---- ---- ---- ---- ---- ---- ---- ---- ---- ---- ---- ---- ---- ---- ---- ---- ---- ----
I, [2017-12-14T15:34:42.281114 #4540]  INFO -- : 25 turn ikeda(10) vs kashi(12)
---- ---- ---- ---- ---- ---- ---- ---- ---- ---- ---- ik19 ---- ---- ---- ---- ---- ---- ---- ----
---- ---- ---- ---- ---- ---- ---- ---- ---- ---- ---- ik22 ---- ik11 ik23 ---- ---- ---- ---- ----
---- ---- ---- ---- ---- ---- ---- ---- ---- ik08 ---- ---- ---- ---- ---- ---- ---- ---- ---- ----
---- ---- ---- ---- ---- ---- ---- ---- ik20 ---- ik03 ---- ---- ---- ---- ---- ---- ---- ik15 ka11
---- ---- ---- ---- ---- ---- ---- ---- ---- ka18 ---- ---- ---- ---- ---- ---- ka29 ---- ---- ----
---- ---- ---- ---- ---- ---- ---- ---- ka19 ---- ---- ---- ---- ---- ka28 ---- ---- ---- ---- ----
---- ---- ---- ---- ---- ---- ---- ---- ---- ka14 ---- ---- ---- ik25 ka31 ---- ---- ---- ---- ----
---- ---- ---- ---- ---- ---- ---- ---- ka25 ka12 ---- ---- ik02 ---- ka32 ---- ---- ---- ---- ----
---- ---- ---- ---- ---- ---- ---- ---- ---- ---- ka24 ---- ---- ka34 ---- ---- ---- ---- ---- ----
---- ---- ---- ---- ---- ---- ---- ---- ---- ---- ---- ---- ---- ---- ---- ---- ---- ---- ---- ----
---- ---- ---- ---- ---- ---- ---- ---- ---- ---- ---- ---- ---- ---- ---- ---- ---- ---- ---- ----
---- ---- ---- ---- ---- ---- ---- ---- ---- ---- ---- ---- ---- ---- ---- ---- ---- ---- ---- ----
---- ---- ---- ---- ---- ---- ---- ---- ---- ---- ---- ---- ---- ---- ---- ---- ---- ---- ---- ----
---- ---- ---- ---- ---- ---- ---- ---- ---- ---- ---- ---- ---- ---- ---- ---- ---- ---- ---- ----
---- ---- ---- ---- ---- ---- ---- ---- ---- ---- ---- ---- ---- ---- ---- ---- ---- ---- ---- ----
---- ---- ---- ---- ---- ---- ---- ---- ---- ---- ---- ---- ---- ---- ---- ---- ---- ---- ---- ----
---- ---- ---- ---- ---- ---- ---- ---- ---- ---- ---- ---- ---- ---- ---- ---- ---- ---- ---- ----
---- ---- ---- ---- ---- ---- ---- ---- ---- ---- ---- ---- ---- ---- ---- ---- ---- ---- ---- ----
---- ---- ---- ---- ---- ---- ---- ---- ---- ---- ---- ---- ---- ---- ---- ---- ---- ---- ---- ----
---- ---- ---- ---- ---- ---- ---- ---- ---- ---- ---- ---- ---- ---- ---- ---- ---- ---- ---- ----
I, [2017-12-14T15:34:42.595611 #4540]  INFO -- : 26 turn ikeda(7) vs kashi(12)
---- ---- ---- ---- ---- ---- ---- ---- ---- ---- ---- ik19 ---- ---- ---- ---- ---- ---- ---- ----
---- ---- ---- ---- ---- ---- ---- ---- ---- ---- ---- ik22 ---- ik11 ik23 ---- ---- ---- ---- ----
---- ---- ---- ---- ---- ---- ---- ---- ---- ik08 ---- ---- ---- ---- ka28 ---- ---- ---- ---- ----
---- ---- ---- ---- ---- ---- ---- ---- ik20 ka18 ik03 ---- ---- ---- ka29 ---- ---- ---- ---- ka11
---- ---- ---- ---- ---- ---- ---- ---- ka19 ka14 ---- ---- ---- ---- ---- ---- ---- ---- ---- ----
---- ---- ---- ---- ---- ---- ---- ---- ka25 ka12 ka24 ---- ---- ka34 ---- ---- ---- ---- ---- ----
---- ---- ---- ---- ---- ---- ---- ---- ---- ---- ---- ---- ---- ---- ka31 ---- ---- ---- ---- ----
---- ---- ---- ---- ---- ---- ---- ---- ---- ---- ---- ---- ---- ka32 ---- ---- ---- ---- ---- ----
---- ---- ---- ---- ---- ---- ---- ---- ---- ---- ---- ---- ---- ---- ---- ---- ---- ---- ---- ----
---- ---- ---- ---- ---- ---- ---- ---- ---- ---- ---- ---- ---- ---- ---- ---- ---- ---- ---- ----
---- ---- ---- ---- ---- ---- ---- ---- ---- ---- ---- ---- ---- ---- ---- ---- ---- ---- ---- ----
---- ---- ---- ---- ---- ---- ---- ---- ---- ---- ---- ---- ---- ---- ---- ---- ---- ---- ---- ----
---- ---- ---- ---- ---- ---- ---- ---- ---- ---- ---- ---- ---- ---- ---- ---- ---- ---- ---- ----
---- ---- ---- ---- ---- ---- ---- ---- ---- ---- ---- ---- ---- ---- ---- ---- ---- ---- ---- ----
---- ---- ---- ---- ---- ---- ---- ---- ---- ---- ---- ---- ---- ---- ---- ---- ---- ---- ---- ----
---- ---- ---- ---- ---- ---- ---- ---- ---- ---- ---- ---- ---- ---- ---- ---- ---- ---- ---- ----
---- ---- ---- ---- ---- ---- ---- ---- ---- ---- ---- ---- ---- ---- ---- ---- ---- ---- ---- ----
---- ---- ---- ---- ---- ---- ---- ---- ---- ---- ---- ---- ---- ---- ---- ---- ---- ---- ---- ----
---- ---- ---- ---- ---- ---- ---- ---- ---- ---- ---- ---- ---- ---- ---- ---- ---- ---- ---- ----
---- ---- ---- ---- ---- ---- ---- ---- ---- ---- ---- ---- ---- ---- ---- ---- ---- ---- ---- ----
I, [2017-12-14T15:34:42.668212 #4540]  INFO -- : 27 turn ikeda(7) vs kashi(10)
---- ---- ---- ---- ---- ---- ---- ---- ---- ---- ---- ---- ik19 ---- ---- ---- ---- ---- ---- ----
---- ---- ---- ---- ---- ---- ---- ---- ---- ---- ---- ---- ---- ---- ---- ---- ---- ---- ---- ----
---- ---- ---- ---- ---- ---- ---- ---- ---- ---- ---- ---- ---- ik22 ---- ik23 ---- ---- ---- ----
---- ---- ---- ---- ---- ---- ---- ---- ik20 ik03 ---- ---- ---- ---- ka29 ---- ---- ---- ---- ka11
---- ---- ---- ---- ---- ---- ---- ---- ka19 ka14 ik08 ---- ---- ik11 ---- ---- ---- ---- ---- ----
---- ---- ---- ---- ---- ---- ---- ---- ka25 ka12 ka24 ---- ---- ka34 ---- ---- ---- ---- ---- ----
---- ---- ---- ---- ---- ---- ---- ---- ---- ---- ---- ---- ---- ---- ka31 ---- ---- ---- ---- ----
---- ---- ---- ---- ---- ---- ---- ---- ---- ---- ---- ---- ---- ka32 ---- ---- ---- ---- ---- ----
---- ---- ---- ---- ---- ---- ---- ---- ---- ---- ---- ---- ---- ---- ---- ---- ---- ---- ---- ----
---- ---- ---- ---- ---- ---- ---- ---- ---- ---- ---- ---- ---- ---- ---- ---- ---- ---- ---- ----
---- ---- ---- ---- ---- ---- ---- ---- ---- ---- ---- ---- ---- ---- ---- ---- ---- ---- ---- ----
---- ---- ---- ---- ---- ---- ---- ---- ---- ---- ---- ---- ---- ---- ---- ---- ---- ---- ---- ----
---- ---- ---- ---- ---- ---- ---- ---- ---- ---- ---- ---- ---- ---- ---- ---- ---- ---- ---- ----
---- ---- ---- ---- ---- ---- ---- ---- ---- ---- ---- ---- ---- ---- ---- ---- ---- ---- ---- ----
---- ---- ---- ---- ---- ---- ---- ---- ---- ---- ---- ---- ---- ---- ---- ---- ---- ---- ---- ----
---- ---- ---- ---- ---- ---- ---- ---- ---- ---- ---- ---- ---- ---- ---- ---- ---- ---- ---- ----
---- ---- ---- ---- ---- ---- ---- ---- ---- ---- ---- ---- ---- ---- ---- ---- ---- ---- ---- ----
---- ---- ---- ---- ---- ---- ---- ---- ---- ---- ---- ---- ---- ---- ---- ---- ---- ---- ---- ----
---- ---- ---- ---- ---- ---- ---- ---- ---- ---- ---- ---- ---- ---- ---- ---- ---- ---- ---- ----
---- ---- ---- ---- ---- ---- ---- ---- ---- ---- ---- ---- ---- ---- ---- ---- ---- ---- ---- ----
I, [2017-12-14T15:34:43.002726 #4540]  INFO -- : 28 turn ikeda(3) vs kashi(10)
---- ---- ---- ---- ---- ---- ---- ---- ---- ---- ---- ---- ik19 ---- ---- ---- ---- ---- ---- ----
---- ---- ---- ---- ---- ---- ---- ---- ---- ---- ---- ---- ---- ---- ---- ---- ---- ---- ---- ----
---- ---- ---- ---- ---- ---- ---- ---- ---- ---- ---- ---- ---- ik22 ---- ik23 ---- ---- ---- ----
---- ---- ---- ---- ---- ---- ---- ---- ka25 ---- ---- ---- ---- ka29 ---- ---- ka11 ---- ---- ----
---- ---- ---- ---- ---- ---- ---- ---- ka19 ka14 ka12 ---- ---- ka32 ka31 ---- ---- ---- ---- ----
---- ---- ---- ---- ---- ---- ---- ---- ---- ---- ka24 ---- ---- ka34 ---- ---- ---- ---- ---- ----
---- ---- ---- ---- ---- ---- ---- ---- ---- ---- ---- ---- ---- ---- ---- ---- ---- ---- ---- ----
---- ---- ---- ---- ---- ---- ---- ---- ---- ---- ---- ---- ---- ---- ---- ---- ---- ---- ---- ----
---- ---- ---- ---- ---- ---- ---- ---- ---- ---- ---- ---- ---- ---- ---- ---- ---- ---- ---- ----
---- ---- ---- ---- ---- ---- ---- ---- ---- ---- ---- ---- ---- ---- ---- ---- ---- ---- ---- ----
---- ---- ---- ---- ---- ---- ---- ---- ---- ---- ---- ---- ---- ---- ---- ---- ---- ---- ---- ----
---- ---- ---- ---- ---- ---- ---- ---- ---- ---- ---- ---- ---- ---- ---- ---- ---- ---- ---- ----
---- ---- ---- ---- ---- ---- ---- ---- ---- ---- ---- ---- ---- ---- ---- ---- ---- ---- ---- ----
---- ---- ---- ---- ---- ---- ---- ---- ---- ---- ---- ---- ---- ---- ---- ---- ---- ---- ---- ----
---- ---- ---- ---- ---- ---- ---- ---- ---- ---- ---- ---- ---- ---- ---- ---- ---- ---- ---- ----
---- ---- ---- ---- ---- ---- ---- ---- ---- ---- ---- ---- ---- ---- ---- ---- ---- ---- ---- ----
---- ---- ---- ---- ---- ---- ---- ---- ---- ---- ---- ---- ---- ---- ---- ---- ---- ---- ---- ----
---- ---- ---- ---- ---- ---- ---- ---- ---- ---- ---- ---- ---- ---- ---- ---- ---- ---- ---- ----
---- ---- ---- ---- ---- ---- ---- ---- ---- ---- ---- ---- ---- ---- ---- ---- ---- ---- ---- ----
---- ---- ---- ---- ---- ---- ---- ---- ---- ---- ---- ---- ---- ---- ---- ---- ---- ---- ---- ----
I, [2017-12-14T15:34:43.055283 #4540]  INFO -- : 29 turn ikeda(3) vs kashi(8)
---- ---- ---- ---- ---- ---- ---- ---- ---- ---- ---- ---- ---- ---- ---- ---- ---- ---- ---- ----
---- ---- ---- ---- ---- ---- ---- ---- ---- ---- ---- ---- ---- ---- ---- ---- ---- ---- ---- ----
---- ---- ---- ---- ---- ---- ---- ---- ---- ---- ---- ---- ---- ---- ---- ---- ---- ---- ---- ----
---- ---- ---- ---- ---- ---- ---- ---- ka25 ---- ---- ---- ik19 ---- ik23 ik22 ---- ---- ---- ----
---- ---- ---- ---- ---- ---- ---- ---- ka19 ka14 ka12 ---- ---- ka32 ka31 ---- ---- ---- ---- ----
---- ---- ---- ---- ---- ---- ---- ---- ---- ---- ka24 ---- ---- ka34 ---- ---- ---- ---- ---- ----
---- ---- ---- ---- ---- ---- ---- ---- ---- ---- ---- ---- ---- ---- ---- ---- ---- ---- ---- ----
---- ---- ---- ---- ---- ---- ---- ---- ---- ---- ---- ---- ---- ---- ---- ---- ---- ---- ---- ----
---- ---- ---- ---- ---- ---- ---- ---- ---- ---- ---- ---- ---- ---- ---- ---- ---- ---- ---- ----
---- ---- ---- ---- ---- ---- ---- ---- ---- ---- ---- ---- ---- ---- ---- ---- ---- ---- ---- ----
---- ---- ---- ---- ---- ---- ---- ---- ---- ---- ---- ---- ---- ---- ---- ---- ---- ---- ---- ----
---- ---- ---- ---- ---- ---- ---- ---- ---- ---- ---- ---- ---- ---- ---- ---- ---- ---- ---- ----
---- ---- ---- ---- ---- ---- ---- ---- ---- ---- ---- ---- ---- ---- ---- ---- ---- ---- ---- ----
---- ---- ---- ---- ---- ---- ---- ---- ---- ---- ---- ---- ---- ---- ---- ---- ---- ---- ---- ----
---- ---- ---- ---- ---- ---- ---- ---- ---- ---- ---- ---- ---- ---- ---- ---- ---- ---- ---- ----
---- ---- ---- ---- ---- ---- ---- ---- ---- ---- ---- ---- ---- ---- ---- ---- ---- ---- ---- ----
---- ---- ---- ---- ---- ---- ---- ---- ---- ---- ---- ---- ---- ---- ---- ---- ---- ---- ---- ----
---- ---- ---- ---- ---- ---- ---- ---- ---- ---- ---- ---- ---- ---- ---- ---- ---- ---- ---- ----
---- ---- ---- ---- ---- ---- ---- ---- ---- ---- ---- ---- ---- ---- ---- ---- ---- ---- ---- ----
---- ---- ---- ---- ---- ---- ---- ---- ---- ---- ---- ---- ---- ---- ---- ---- ---- ---- ---- ----
I, [2017-12-14T15:34:43.509816 #4540]  INFO -- : 30 turn ikeda(0) vs kashi(8)
---- ---- ---- ---- ---- ---- ---- ---- ---- ---- ---- ---- ---- ---- ---- ---- ---- ---- ---- ----
---- ---- ---- ---- ---- ---- ---- ---- ---- ---- ---- ---- ---- ---- ---- ---- ---- ---- ---- ----
---- ---- ---- ---- ---- ---- ---- ---- ---- ---- ---- ---- ---- ---- ---- ---- ---- ---- ---- ----
---- ---- ---- ---- ---- ---- ---- ---- ka25 ---- ---- ka12 ---- ---- ---- ---- ---- ---- ---- ----
---- ---- ---- ---- ---- ---- ---- ---- ka19 ka14 ---- ---- ka32 ---- ka31 ka34 ---- ---- ---- ----
---- ---- ---- ---- ---- ---- ---- ---- ---- ---- ka24 ---- ---- ---- ---- ---- ---- ---- ---- ----
---- ---- ---- ---- ---- ---- ---- ---- ---- ---- ---- ---- ---- ---- ---- ---- ---- ---- ---- ----
---- ---- ---- ---- ---- ---- ---- ---- ---- ---- ---- ---- ---- ---- ---- ---- ---- ---- ---- ----
---- ---- ---- ---- ---- ---- ---- ---- ---- ---- ---- ---- ---- ---- ---- ---- ---- ---- ---- ----
---- ---- ---- ---- ---- ---- ---- ---- ---- ---- ---- ---- ---- ---- ---- ---- ---- ---- ---- ----
---- ---- ---- ---- ---- ---- ---- ---- ---- ---- ---- ---- ---- ---- ---- ---- ---- ---- ---- ----
---- ---- ---- ---- ---- ---- ---- ---- ---- ---- ---- ---- ---- ---- ---- ---- ---- ---- ---- ----
---- ---- ---- ---- ---- ---- ---- ---- ---- ---- ---- ---- ---- ---- ---- ---- ---- ---- ---- ----
---- ---- ---- ---- ---- ---- ---- ---- ---- ---- ---- ---- ---- ---- ---- ---- ---- ---- ---- ----
---- ---- ---- ---- ---- ---- ---- ---- ---- ---- ---- ---- ---- ---- ---- ---- ---- ---- ---- ----
---- ---- ---- ---- ---- ---- ---- ---- ---- ---- ---- ---- ---- ---- ---- ---- ---- ---- ---- ----
---- ---- ---- ---- ---- ---- ---- ---- ---- ---- ---- ---- ---- ---- ---- ---- ---- ---- ---- ----
---- ---- ---- ---- ---- ---- ---- ---- ---- ---- ---- ---- ---- ---- ---- ---- ---- ---- ---- ----
---- ---- ---- ---- ---- ---- ---- ---- ---- ---- ---- ---- ---- ---- ---- ---- ---- ---- ---- ----
---- ---- ---- ---- ---- ---- ---- ---- ---- ---- ---- ---- ---- ---- ---- ---- ---- ---- ---- ----
